Error in readChar(con, 5L, useBytes = TRUE) : cannot open the connection
Calls: load -> readChar
In addition: Warning message:
In readChar(con, 5L, useBytes = TRUE) :
  cannot open compressed file 'logR/vilain12.logR.chr22.RData', probable reason 'No such file or directory'
Execution halted
Error in readChar(con, 5L, useBytes = TRUE) : cannot open the connection
Calls: load -> readChar
In addition: Warning message:
In readChar(con, 5L, useBytes = TRUE) :
  cannot open compressed file 'logR/vilain12.logR.chr22.RData', probable reason 'No such file or directory'
Execution halted
Error in readChar(con, 5L, useBytes = TRUE) : cannot open the connection
Calls: load -> readChar
In addition: Warning message:
In readChar(con, 5L, useBytes = TRUE) :
  cannot open compressed file 'logR/vilain12.logR.chr22.RData', probable reason 'No such file or directory'
Execution halted
Error in read.table(normal.prefix %+% chr %+% suffix, header = F, sep = "\t") : 
  no lines available in input
Execution halted
Error in read.table(normal.prefix %+% chr %+% suffix, header = F, sep = "\t") : 
  no lines available in input
Execution halted
Error in read.table(normal.prefix %+% chr %+% suffix, header = F, sep = "\t") : 
  no lines available in input
Execution halted
